<?xml version="1.0" encoding="UTF-8"?>
<datasources xmlns="http://www.ironjacamar.org/doc/schema">
	<datasource jndi-name="test" enabled="true" use-java-context="true" pool-name="testDs">
		<connection-url>jdbc:mysql://localhost:3306/test</connection-url>
		<driver>mysql</driver>
		<security>
			<user-name>root</user-name>
			<password>password</password>
		</security>
	</datasource> 
</datasources>
